{"/Users/devin/Documents/GitHub/tempy/src/index.ts": {"path":"/Users/devin/Documents/GitHub/tempy/src/index.ts","all":false,"statementMap":{"0":{"start":{"line":1,"column":0},"end":{"line":1,"column":25}},"1":{"start":{"line":2,"column":0},"end":{"line":2,"column":42}},"2":{"start":{"line":3,"column":0},"end":{"line":3,"column":29}},"3":{"start":{"line":4,"column":0},"end":{"line":4,"column":48}},"4":{"start":{"line":5,"column":0},"end":{"line":5,"column":31}},"5":{"start":{"line":6,"column":0},"end":{"line":6,"column":42}},"6":{"start":{"line":7,"column":0},"end":{"line":7,"column":39}},"9":{"start":{"line":10,"column":0},"end":{"line":10,"column":32}},"10":{"start":{"line":11,"column":0},"end":{"line":11,"column":62}},"12":{"start":{"line":13,"column":0},"end":{"line":13,"column":76}},"13":{"start":{"line":14,"column":0},"end":{"line":14,"column":48}},"15":{"start":{"line":16,"column":0},"end":{"line":16,"column":40}},"16":{"start":{"line":17,"column":0},"end":{"line":17,"column":23}},"17":{"start":{"line":18,"column":0},"end":{"line":18,"column":41}},"18":{"start":{"line":19,"column":0},"end":{"line":19,"column":3}},"19":{"start":{"line":20,"column":0},"end":{"line":20,"column":6}},"20":{"start":{"line":21,"column":0},"end":{"line":21,"column":39}},"21":{"start":{"line":22,"column":0},"end":{"line":22,"column":12}},"22":{"start":{"line":23,"column":0},"end":{"line":23,"column":38}},"23":{"start":{"line":24,"column":0},"end":{"line":24,"column":19}},"24":{"start":{"line":25,"column":0},"end":{"line":25,"column":15}},"25":{"start":{"line":26,"column":0},"end":{"line":26,"column":17}},"26":{"start":{"line":27,"column":0},"end":{"line":27,"column":5}},"27":{"start":{"line":28,"column":0},"end":{"line":28,"column":2}},"28":{"start":{"line":29,"column":0},"end":{"line":29,"column":1}},"30":{"start":{"line":31,"column":0},"end":{"line":31,"column":70}},"31":{"start":{"line":32,"column":0},"end":{"line":32,"column":12}},"32":{"start":{"line":33,"column":0},"end":{"line":33,"column":54}},"33":{"start":{"line":34,"column":0},"end":{"line":34,"column":19}},"34":{"start":{"line":35,"column":0},"end":{"line":35,"column":64}},"35":{"start":{"line":36,"column":0},"end":{"line":36,"column":5}},"36":{"start":{"line":37,"column":0},"end":{"line":37,"column":3}},"38":{"start":{"line":39,"column":0},"end":{"line":39,"column":47}},"39":{"start":{"line":40,"column":0},"end":{"line":40,"column":2}},"41":{"start":{"line":42,"column":0},"end":{"line":42,"column":9}},"42":{"start":{"line":43,"column":0},"end":{"line":43,"column":13}},"43":{"start":{"line":44,"column":0},"end":{"line":44,"column":48}},"44":{"start":{"line":45,"column":0},"end":{"line":45,"column":7}},"45":{"start":{"line":46,"column":0},"end":{"line":46,"column":40}},"47":{"start":{"line":48,"column":0},"end":{"line":48,"column":1}},"49":{"start":{"line":50,"column":0},"end":{"line":50,"column":57}},"50":{"start":{"line":51,"column":0},"end":{"line":51,"column":41}},"51":{"start":{"line":52,"column":0},"end":{"line":52,"column":23}},"52":{"start":{"line":53,"column":0},"end":{"line":53,"column":47}},"54":{"start":{"line":55,"column":0},"end":{"line":55,"column":76}},"55":{"start":{"line":56,"column":0},"end":{"line":56,"column":35}},"56":{"start":{"line":57,"column":0},"end":{"line":57,"column":25}},"57":{"start":{"line":58,"column":0},"end":{"line":58,"column":18}},"58":{"start":{"line":59,"column":0},"end":{"line":59,"column":1}},"60":{"start":{"line":61,"column":0},"end":{"line":61,"column":62}},"61":{"start":{"line":62,"column":0},"end":{"line":62,"column":41}},"62":{"start":{"line":63,"column":0},"end":{"line":63,"column":28}},"63":{"start":{"line":64,"column":0},"end":{"line":64,"column":52}},"65":{"start":{"line":66,"column":0},"end":{"line":66,"column":37}},"66":{"start":{"line":67,"column":0},"end":{"line":67,"column":79}},"67":{"start":{"line":68,"column":0},"end":{"line":68,"column":23}},"68":{"start":{"line":69,"column":0},"end":{"line":69,"column":3}},"69":{"start":{"line":70,"column":0},"end":{"line":70,"column":41}},"70":{"start":{"line":71,"column":0},"end":{"line":71,"column":32}},"71":{"start":{"line":72,"column":0},"end":{"line":72,"column":44}},"72":{"start":{"line":73,"column":0},"end":{"line":73,"column":54}},"73":{"start":{"line":74,"column":0},"end":{"line":74,"column":17}},"74":{"start":{"line":75,"column":0},"end":{"line":75,"column":1}},"76":{"start":{"line":77,"column":0},"end":{"line":77,"column":58}},"77":{"start":{"line":78,"column":0},"end":{"line":78,"column":46}},"78":{"start":{"line":79,"column":0},"end":{"line":79,"column":41}},"79":{"start":{"line":80,"column":0},"end":{"line":80,"column":23}},"80":{"start":{"line":81,"column":0},"end":{"line":81,"column":67}},"82":{"start":{"line":83,"column":0},"end":{"line":83,"column":35}},"83":{"start":{"line":84,"column":0},"end":{"line":84,"column":46}},"84":{"start":{"line":85,"column":0},"end":{"line":85,"column":23}},"85":{"start":{"line":86,"column":0},"end":{"line":86,"column":3}},"86":{"start":{"line":87,"column":0},"end":{"line":87,"column":41}},"87":{"start":{"line":88,"column":0},"end":{"line":88,"column":41}},"88":{"start":{"line":89,"column":0},"end":{"line":89,"column":17}},"89":{"start":{"line":90,"column":0},"end":{"line":90,"column":1}},"91":{"start":{"line":92,"column":0},"end":{"line":92,"column":61}}},"s":{"0":1,"1":1,"2":1,"3":1,"4":1,"5":1,"6":1,"9":1,"10":21,"12":1,"13":2,"15":4,"16":4,"17":4,"18":4,"19":4,"20":4,"21":4,"22":4,"23":4,"24":4,"25":4,"26":4,"27":4,"28":4,"30":1,"31":19,"32":6,"33":2,"34":2,"35":2,"36":2,"38":4,"39":4,"41":13,"42":13,"43":19,"44":10,"45":3,"47":19,"49":1,"50":1,"51":1,"52":1,"54":1,"55":8,"56":8,"57":8,"58":8,"60":1,"61":2,"62":2,"63":2,"65":5,"66":5,"67":5,"68":5,"69":5,"70":5,"71":2,"72":3,"73":3,"74":3,"76":1,"77":1,"78":1,"79":1,"80":1,"82":1,"83":1,"84":1,"85":1,"86":1,"87":1,"88":1,"89":1,"91":1},"branchMap":{"0":{"type":"branch","line":10,"loc":{"start":{"line":10,"column":16},"end":{"line":11,"column":62}},"locations":[{"start":{"line":10,"column":16},"end":{"line":11,"column":62}}]},"1":{"type":"branch","line":13,"loc":{"start":{"line":13,"column":20},"end":{"line":14,"column":48}},"locations":[{"start":{"line":13,"column":20},"end":{"line":14,"column":48}}]},"2":{"type":"branch","line":16,"loc":{"start":{"line":16,"column":0},"end":{"line":29,"column":1}},"locations":[{"start":{"line":16,"column":0},"end":{"line":29,"column":1}}]},"3":{"type":"branch","line":31,"loc":{"start":{"line":31,"column":7},"end":{"line":48,"column":1}},"locations":[{"start":{"line":31,"column":7},"end":{"line":48,"column":1}}]},"4":{"type":"branch","line":32,"loc":{"start":{"line":32,"column":11},"end":{"line":40,"column":2}},"locations":[{"start":{"line":32,"column":11},"end":{"line":40,"column":2}}]},"5":{"type":"branch","line":33,"loc":{"start":{"line":33,"column":20},"end":{"line":33,"column":53}},"locations":[{"start":{"line":33,"column":20},"end":{"line":33,"column":53}}]},"6":{"type":"branch","line":33,"loc":{"start":{"line":33,"column":53},"end":{"line":37,"column":3}},"locations":[{"start":{"line":33,"column":53},"end":{"line":37,"column":3}}]},"7":{"type":"branch","line":37,"loc":{"start":{"line":37,"column":2},"end":{"line":40,"column":2}},"locations":[{"start":{"line":37,"column":2},"end":{"line":40,"column":2}}]},"8":{"type":"branch","line":40,"loc":{"start":{"line":40,"column":1},"end":{"line":44,"column":30}},"locations":[{"start":{"line":40,"column":1},"end":{"line":44,"column":30}}]},"9":{"type":"branch","line":44,"loc":{"start":{"line":44,"column":17},"end":{"line":44,"column":48}},"locations":[{"start":{"line":44,"column":17},"end":{"line":44,"column":48}}]},"10":{"type":"branch","line":44,"loc":{"start":{"line":44,"column":44},"end":{"line":45,"column":7}},"locations":[{"start":{"line":44,"column":44},"end":{"line":45,"column":7}}]},"11":{"type":"branch","line":45,"loc":{"start":{"line":45,"column":5},"end":{"line":46,"column":40}},"locations":[{"start":{"line":45,"column":5},"end":{"line":46,"column":40}}]},"12":{"type":"branch","line":50,"loc":{"start":{"line":50,"column":33},"end":{"line":53,"column":47}},"locations":[{"start":{"line":50,"column":33},"end":{"line":53,"column":47}}]},"13":{"type":"branch","line":55,"loc":{"start":{"line":55,"column":7},"end":{"line":59,"column":1}},"locations":[{"start":{"line":55,"column":7},"end":{"line":59,"column":1}}]},"14":{"type":"branch","line":61,"loc":{"start":{"line":61,"column":38},"end":{"line":64,"column":52}},"locations":[{"start":{"line":61,"column":38},"end":{"line":64,"column":52}}]},"15":{"type":"branch","line":66,"loc":{"start":{"line":66,"column":0},"end":{"line":75,"column":1}},"locations":[{"start":{"line":66,"column":0},"end":{"line":75,"column":1}}]},"16":{"type":"branch","line":71,"loc":{"start":{"line":71,"column":24},"end":{"line":72,"column":44}},"locations":[{"start":{"line":71,"column":24},"end":{"line":72,"column":44}}]},"17":{"type":"branch","line":72,"loc":{"start":{"line":72,"column":43},"end":{"line":72,"column":44}},"locations":[{"start":{"line":72,"column":43},"end":{"line":72,"column":44}}]},"18":{"type":"branch","line":72,"loc":{"start":{"line":72,"column":43},"end":{"line":73,"column":54}},"locations":[{"start":{"line":72,"column":43},"end":{"line":73,"column":54}}]},"19":{"type":"branch","line":73,"loc":{"start":{"line":73,"column":52},"end":{"line":75,"column":1}},"locations":[{"start":{"line":73,"column":52},"end":{"line":75,"column":1}}]},"20":{"type":"branch","line":77,"loc":{"start":{"line":77,"column":34},"end":{"line":81,"column":67}},"locations":[{"start":{"line":77,"column":34},"end":{"line":81,"column":67}}]},"21":{"type":"branch","line":83,"loc":{"start":{"line":83,"column":7},"end":{"line":90,"column":1}},"locations":[{"start":{"line":83,"column":7},"end":{"line":90,"column":1}}]}},"b":{"0":[21],"1":[2],"2":[4],"3":[19],"4":[6],"5":[3],"6":[2],"7":[4],"8":[13],"9":[4],"10":[10],"11":[3],"12":[1],"13":[8],"14":[2],"15":[5],"16":[2],"17":[1],"18":[3],"19":[3],"20":[1],"21":[1]},"fnMap":{"0":{"name":"getPath","decl":{"start":{"line":10,"column":16},"end":{"line":11,"column":62}},"loc":{"start":{"line":10,"column":16},"end":{"line":11,"column":62}},"line":10},"1":{"name":"writeStream","decl":{"start":{"line":13,"column":20},"end":{"line":14,"column":48}},"loc":{"start":{"line":13,"column":20},"end":{"line":14,"column":48}},"line":13},"2":{"name":"runTask","decl":{"start":{"line":16,"column":0},"end":{"line":29,"column":1}},"loc":{"start":{"line":16,"column":0},"end":{"line":29,"column":1}},"line":16},"3":{"name":"temporaryFile","decl":{"start":{"line":31,"column":7},"end":{"line":48,"column":1}},"loc":{"start":{"line":31,"column":7},"end":{"line":48,"column":1}},"line":31},"4":{"name":"temporaryFileTask","decl":{"start":{"line":50,"column":33},"end":{"line":53,"column":47}},"loc":{"start":{"line":50,"column":33},"end":{"line":53,"column":47}},"line":50},"5":{"name":"temporaryDirectory","decl":{"start":{"line":55,"column":7},"end":{"line":59,"column":1}},"loc":{"start":{"line":55,"column":7},"end":{"line":59,"column":1}},"line":55},"6":{"name":"temporaryDirectoryTask","decl":{"start":{"line":61,"column":38},"end":{"line":64,"column":52}},"loc":{"start":{"line":61,"column":38},"end":{"line":64,"column":52}},"line":61},"7":{"name":"temporaryWrite","decl":{"start":{"line":66,"column":0},"end":{"line":75,"column":1}},"loc":{"start":{"line":66,"column":0},"end":{"line":75,"column":1}},"line":66},"8":{"name":"temporaryWriteTask","decl":{"start":{"line":77,"column":34},"end":{"line":81,"column":67}},"loc":{"start":{"line":77,"column":34},"end":{"line":81,"column":67}},"line":77},"9":{"name":"temporaryWriteSync","decl":{"start":{"line":83,"column":7},"end":{"line":90,"column":1}},"loc":{"start":{"line":83,"column":7},"end":{"line":90,"column":1}},"line":83}},"f":{"0":21,"1":2,"2":4,"3":19,"4":1,"5":8,"6":2,"7":5,"8":1,"9":1}}
,"/Users/devin/Documents/GitHub/tempy/src/types.ts": {"path":"/Users/devin/Documents/GitHub/tempy/src/types.ts","all":true,"statementMap":{},"s":{},"branchMap":{"0":{"type":"branch","line":1,"loc":{"start":{"line":1,"column":914},"end":{"line":41,"column":48}},"locations":[{"start":{"line":1,"column":914},"end":{"line":41,"column":48}}]}},"b":{"0":[1]},"fnMap":{"0":{"name":"(empty-report)","decl":{"start":{"line":1,"column":914},"end":{"line":41,"column":48}},"loc":{"start":{"line":1,"column":914},"end":{"line":41,"column":48}},"line":1}},"f":{"0":1}}
}
